-------------------------------------------------------------------------------
Test set: br.com.easyflowweb.ApartCommunityChatApplicationTests
-------------------------------------------------------------------------------
Tests run: 1, Failures: 0, Errors: 1, Skipped: 0, Time elapsed: 2.822 s <<< FAILURE! - in br.com.easyflowweb.ApartCommunityChatApplicationTests
initializationError(br.com.easyflowweb.ApartCommunityChatApplicationTests)  Time elapsed: 0.005 s  <<< ERROR!
java.lang.IllegalStateException: Unable to find a @SpringBootConfiguration, you need to use @ContextConfiguration or @SpringBootTest(classes=...) with your test

