<?xml version="1.0" encoding="UTF-8"?>
<testsuite xmlns:xsi="http://www.w3.org/2001/XMLSchema-instance" xsi:noNamespaceSchemaLocation="https://maven.apache.org/surefire/maven-surefire-plugin/xsd/surefire-test-report.xsd" name="br.com.easyflowweb.ApartCommunityChatApplicationTests" time="2.822" tests="1" errors="1" skipped="0" failures="0">
  <properties>
[...]
</properties>
  <testcase name="initializationError" classname="br.com.easyflowweb.ApartCommunityChatApplicationTests" time="0.005">
    <error message="Unable to find a @SpringBootConfiguration, you need to use @ContextConfiguration or @SpringBootTest(classes=...) with your test" type="java.lang.IllegalStateException">java.lang.IllegalStateException: Unable to find a @SpringBootConfiguration, you need to use @ContextConfiguration or @SpringBootTest(classes=...) with your test
</error>
    <system-out><![CDATA[00:04:53.849 [main] DEBUG org.springframework.test.context.junit4.SpringJUnit4ClassRunner - SpringJUnit4ClassRunner constructor called with [class br.com.easyflowweb.ApartCommunityChatApplicationTests]
00:04:53.865 [main] DEBUG org.springframework.test.context.BootstrapUtils - Instantiating CacheAwareContextLoaderDelegate from class [org.springframework.test.context.cache.DefaultCacheAwareContextLoaderDelegate]
00:04:53.940 [main] DEBUG org.springframework.test.context.BootstrapUtils - Instantiating BootstrapContext using constructor [public org.springframework.test.context.support.DefaultBootstrapContext(java.lang.Class,org.springframework.test.context.CacheAwareContextLoaderDelegate)]
00:04:53.983 [main] DEBUG org.springframework.test.context.BootstrapUtils - Instantiating TestContextBootstrapper for test class [br.com.easyflowweb.ApartCommunityChatApplicationTests] from class [org.springframework.boot.test.context.SpringBootTestContextBootstrapper]
00:04:54.062 [main] INFO org.springframework.boot.test.context.SpringBootTestContextBootstrapper - Neither @ContextConfiguration nor @ContextHierarchy found for test class [br.com.easyflowweb.ApartCommunityChatApplicationTests], using SpringBootContextLoader
00:04:54.107 [main] DEBUG org.springframework.test.context.support.AbstractContextLoader - Did not detect default resource location for test class [br.com.easyflowweb.ApartCommunityChatApplicationTests]: class path resource [br/com/easyflowweb/ApartCommunityChatApplicationTests-context.xml] does not exist
00:04:54.108 [main] DEBUG org.springframework.test.context.support.AbstractContextLoader - Did not detect default resource location for test class [br.com.easyflowweb.ApartCommunityChatApplicationTests]: class path resource [br/com/easyflowweb/ApartCommunityChatApplicationTestsContext.groovy] does not exist
00:04:54.109 [main] INFO org.springframework.test.context.support.AbstractContextLoader - Could not detect default resource locations for test class [br.com.easyflowweb.ApartCommunityChatApplicationTests]: no resource found for suffixes {-context.xml, Context.groovy}.
00:04:54.110 [main] INFO org.springframework.test.context.support.AnnotationConfigContextLoaderUtils - Could not detect default configuration classes for test class [br.com.easyflowweb.ApartCommunityChatApplicationTests]: ApartCommunityChatApplicationTests does not declare any static, non-private, non-final, nested classes annotated with @Configuration.
00:04:54.227 [main] DEBUG org.springframework.test.context.support.ActiveProfilesUtils - Could not find an 'annotation declaring class' for annotation type [org.springframework.test.context.ActiveProfiles] and class [br.com.easyflowweb.ApartCommunityChatApplicationTests]
00:04:54.283 [main] DEBUG org.springframework.core.env.StandardEnvironment - Adding PropertySource 'systemProperties' with lowest search precedence
00:04:54.284 [main] DEBUG org.springframework.core.env.StandardEnvironment - Adding PropertySource 'systemEnvironment' with lowest search precedence
00:04:54.284 [main] DEBUG org.springframework.core.env.StandardEnvironment - Initialized StandardEnvironment with PropertySources [MapPropertySource@1772160903 {name='systemProperties', properties={java.runtime.name=Java(TM) SE Runtime Environment, sun.boot.library.path=C:\Program Files\Java\jdk1.8.0_161\jre\bin, java.vm.version=25.161-b12, java.vm.vendor=Oracle Corporation, java.vendor.url=http://java.oracle.com/, path.separator=;, java.vm.name=Java HotSpot(TM) 64-Bit Server VM, file.encoding.pkg=sun.io, user.country=BR, user.script=, sun.java.launcher=SUN_STANDARD, sun.os.patch.level=, java.vm.specification.name=Java Virtual Machine Specification, user.dir=C:\Users\luizf\spring-workspace\apart-community-chat-backend, java.runtime.version=1.8.0_161-b12, basedir=C:\Users\luizf\spring-workspace\apart-community-chat-backend, java.awt.graphicsenv=sun.awt.Win32GraphicsEnvironment, java.endorsed.dirs=C:\Program Files\Java\jdk1.8.0_161\jre\lib\endorsed, os.arch=amd64, surefire.real.class.path=C:\Users\luizf\AppData\Local\Temp\surefire6469984091491276701\surefirebooter8333074514965057190.jar, java.io.tmpdir=C:\Users\luizf\AppData\Local\Temp\, line.separator=
, java.vm.specification.vendor=Oracle Corporation, user.variant=, os.name=Windows 10, sun.jnu.encoding=Cp1252, java.library.path=C:\Program Files\Java\jdk1.8.0_161\jre\bin;C:\WINDOWS\Sun\Java\bin;C:\WINDOWS\system32;C:\WINDOWS;C:/Program Files/Java/jre1.8.0_161/bin/server;C:/Program Files/Java/jre1.8.0_161/bin;C:/Program Files/Java/jre1.8.0_161/lib/amd64;C:\ProgramData\Oracle\Java\javapath;C:\Program Files (x86)\Intel\iCLS Client\;C:\Program Files\Intel\iCLS Client\;C:\Windows\system32;C:\Windows;C:\Windows\System32\Wbem;C:\Windows\System32\WindowsPowerShell\v1.0\;C:\Program Files (x86)\NVIDIA Corporation\PhysX\Common;C:\Program Files (x86)\Intel\Intel(R) Management Engine Components\DAL;C:\Program Files\Intel\Intel(R) Management Engine Components\DAL;C:\Program Files (x86)\Intel\Intel(R) Management Engine Components\IPT;C:\Program Files\Intel\Intel(R) Management Engine Components\IPT;C:\Program Files\Java\jdk1.8.0_161\bin;C:\Program Files\Microsoft SQL Server\Client SDK\ODBC\130\Tools\Binn\;C:\Program Files (x86)\Microsoft SQL Server\140\Tools\Binn\;C:\Program Files\Microsoft SQL Server\140\Tools\Binn\;C:\Program Files\Microsoft SQL Server\140\DTS\Binn\;C:\Program Files (x86)\Microsoft SQL Server\Client SDK\ODBC\130\Tools\Binn\;C:\Program Files (x86)\Microsoft SQL Server\140\DTS\Binn\;C:\Program Files (x86)\Microsoft SQL Server\140\Tools\Binn\ManagementStudio\;C:\Program Files\nodejs\;C:\Program Files\Git\cmd;C:\WINDOWS\system32;C:\WINDOWS;C:\WINDOWS\System32\Wbem;C:\WINDOWS\System32\WindowsPowerShell\v1.0\;C:\WINDOWS\System32\OpenSSH\;C:\Program Files\Microsoft VS Code\bin;C:\xampp\mysql\bin;C:\Program Files\dotnet\;C:\Program Files\Microsoft SQL Server\130\Tools\Binn\;C:\Program Files (x86)\Apache Maven\apache-maven-3.6.0\bin;C:\Program Files\MongoDB\Server\4.0\bin;C:\Users\luizf\AppData\Local\Microsoft\WindowsApps;C:\Users\luizf\AppData\Roaming\npm;C:\Program Files\Microsoft VS Code\bin;C:\Users\luizf\Downloads\Programação\Java\mysql-connector-java-5.1.47\mysql-connector-java-5.1.47.jar;C:\Program Files\heroku\bin;C:\Program Files\sts-bundle\sts-3.9.5.RELEASE;;., surefire.test.class.path=C:\Users\luizf\spring-workspace\apart-community-chat-backend\target\test-classes;C:\Users\luizf\spring-workspace\apart-community-chat-backend\target\classes;C:\Users\luizf\.m2\repository\org\springframework\boot\spring-boot-starter-web\2.0.2.RELEASE\spring-boot-starter-web-2.0.2.RELEASE.jar;C:\Users\luizf\.m2\repository\org\springframework\boot\spring-boot-starter\2.0.2.RELEASE\spring-boot-starter-2.0.2.RELEASE.jar;C:\Users\luizf\.m2\repository\org\springframework\boot\spring-boot\2.0.2.RELEASE\spring-boot-2.0.2.RELEASE.jar;C:\Users\luizf\.m2\repository\org\springframework\boot\spring-boot-autoconfigure\2.0.2.RELEASE\spring-boot-autoconfigure-2.0.2.RELEASE.jar;C:\Users\luizf\.m2\repository\org\springframework\boot\spring-boot-starter-logging\2.0.2.RELEASE\spring-boot-starter-logging-2.0.2.RELEASE.jar;C:\Users\luizf\.m2\repository\ch\qos\logback\logback-classic\1.2.3\logback-classic-1.2.3.jar;C:\Users\luizf\.m2\repository\ch\qos\logback\logback-core\1.2.3\logback-core-1.2.3.jar;C:\Users\luizf\.m2\repository\org\apache\logging\log4j\log4j-to-slf4j\2.10.0\log4j-to-slf4j-2.10.0.jar;C:\Users\luizf\.m2\repository\org\apache\logging\log4j\log4j-api\2.10.0\log4j-api-2.10.0.jar;C:\Users\luizf\.m2\repository\org\slf4j\jul-to-slf4j\1.7.25\jul-to-slf4j-1.7.25.jar;C:\Users\luizf\.m2\repository\javax\annotation\javax.annotation-api\1.3.2\javax.annotation-api-1.3.2.jar;C:\Users\luizf\.m2\repository\org\yaml\snakeyaml\1.19\snakeyaml-1.19.jar;C:\Users\luizf\.m2\repository\org\springframework\boot\spring-boot-starter-json\2.0.2.RELEASE\spring-boot-starter-json-2.0.2.RELEASE.jar;C:\Users\luizf\.m2\repository\com\fasterxml\jackson\core\jackson-databind\2.9.5\jackson-databind-2.9.5.jar;C:\Users\luizf\.m2\repository\com\fasterxml\jackson\core\jackson-annotations\2.9.0\jackson-annotations-2.9.0.jar;C:\Users\luizf\.m2\repository\com\fasterxml\jackson\core\jackson-core\2.9.5\jackson-core-2.9.5.jar;C:\Users\luizf\.m2\repository\com\fasterxml\jackson\datatype\jackson-datatype-jdk8\2.9.5\jackson-datatype-jdk8-2.9.5.jar;C:\Users\luizf\.m2\repository\com\fasterxml\jackson\datatype\jackson-datatype-jsr310\2.9.5\jackson-datatype-jsr310-2.9.5.jar;C:\Users\luizf\.m2\repository\com\fasterxml\jackson\module\jackson-module-parameter-names\2.9.5\jackson-module-parameter-names-2.9.5.jar;C:\Users\luizf\.m2\repository\org\springframework\boot\spring-boot-starter-tomcat\2.0.2.RELEASE\spring-boot-starter-tomcat-2.0.2.RELEASE.jar;C:\Users\luizf\.m2\repository\org\apache\tomcat\embed\tomcat-embed-core\8.5.31\tomcat-embed-core-8.5.31.jar;C:\Users\luizf\.m2\repository\org\apache\tomcat\embed\tomcat-embed-el\8.5.31\tomcat-embed-el-8.5.31.jar;C:\Users\luizf\.m2\repository\org\apache\tomcat\embed\tomcat-embed-websocket\8.5.31\tomcat-embed-websocket-8.5.31.jar;C:\Users\luizf\.m2\repository\org\hibernate\validator\hibernate-validator\6.0.9.Final\hibernate-validator-6.0.9.Final.jar;C:\Users\luizf\.m2\repository\javax\validation\validation-api\2.0.1.Final\validation-api-2.0.1.Final.jar;C:\Users\luizf\.m2\repository\org\jboss\logging\jboss-logging\3.3.2.Final\jboss-logging-3.3.2.Final.jar;C:\Users\luizf\.m2\repository\com\fasterxml\classmate\1.3.4\classmate-1.3.4.jar;C:\Users\luizf\.m2\repository\org\springframework\spring-web\5.0.6.RELEASE\spring-web-5.0.6.RELEASE.jar;C:\Users\luizf\.m2\repository\org\springframework\spring-beans\5.0.6.RELEASE\spring-beans-5.0.6.RELEASE.jar;C:\Users\luizf\.m2\repository\org\springframework\spring-webmvc\5.0.6.RELEASE\spring-webmvc-5.0.6.RELEASE.jar;C:\Users\luizf\.m2\repository\org\springframework\spring-aop\5.0.6.RELEASE\spring-aop-5.0.6.RELEASE.jar;C:\Users\luizf\.m2\repository\org\springframework\spring-context\5.0.6.RELEASE\spring-context-5.0.6.RELEASE.jar;C:\Users\luizf\.m2\repository\org\springframework\spring-expression\5.0.6.RELEASE\spring-expression-5.0.6.RELEASE.jar;C:\Users\luizf\.m2\repository\org\springframework\boot\spring-boot-starter-websocket\2.0.2.RELEASE\spring-boot-starter-websocket-2.0.2.RELEASE.jar;C:\Users\luizf\.m2\repository\org\springframework\spring-messaging\5.0.6.RELEASE\spring-messaging-5.0.6.RELEASE.jar;C:\Users\luizf\.m2\repository\org\springframework\spring-websocket\5.0.6.RELEASE\spring-websocket-5.0.6.RELEASE.jar;C:\Users\luizf\.m2\repository\org\springframework\boot\spring-boot-starter-test\2.0.2.RELEASE\spring-boot-starter-test-2.0.2.RELEASE.jar;C:\Users\luizf\.m2\repository\org\springframework\boot\spring-boot-test\2.0.2.RELEASE\spring-boot-test-2.0.2.RELEASE.jar;C:\Users\luizf\.m2\repository\org\springframework\boot\spring-boot-test-autoconfigure\2.0.2.RELEASE\spring-boot-test-autoconfigure-2.0.2.RELEASE.jar;C:\Users\luizf\.m2\repository\com\jayway\jsonpath\json-path\2.4.0\json-path-2.4.0.jar;C:\Users\luizf\.m2\repository\net\minidev\json-smart\2.3\json-smart-2.3.jar;C:\Users\luizf\.m2\repository\net\minidev\accessors-smart\1.2\accessors-smart-1.2.jar;C:\Users\luizf\.m2\repository\org\ow2\asm\asm\5.0.4\asm-5.0.4.jar;C:\Users\luizf\.m2\repository\org\slf4j\slf4j-api\1.7.25\slf4j-api-1.7.25.jar;C:\Users\luizf\.m2\repository\junit\junit\4.12\junit-4.12.jar;C:\Users\luizf\.m2\repository\org\assertj\assertj-core\3.9.1\assertj-core-3.9.1.jar;C:\Users\luizf\.m2\repository\org\mockito\mockito-core\2.15.0\mockito-core-2.15.0.jar;C:\Users\luizf\.m2\repository\net\bytebuddy\byte-buddy\1.7.11\byte-buddy-1.7.11.jar;C:\Users\luizf\.m2\repository\net\bytebuddy\byte-buddy-agent\1.7.11\byte-buddy-agent-1.7.11.jar;C:\Users\luizf\.m2\repository\org\objenesis\objenesis\2.6\objenesis-2.6.jar;C:\Users\luizf\.m2\repository\org\hamcrest\hamcrest-core\1.3\hamcrest-core-1.3.jar;C:\Users\luizf\.m2\repository\org\hamcrest\hamcrest-library\1.3\hamcrest-library-1.3.jar;C:\Users\luizf\.m2\repository\org\skyscreamer\jsonassert\1.5.0\jsonassert-1.5.0.jar;C:\Users\luizf\.m2\repository\com\vaadin\external\google\android-json\0.0.20131108.vaadin1\android-json-0.0.20131108.vaadin1.jar;C:\Users\luizf\.m2\repository\org\springframework\spring-core\5.0.6.RELEASE\spring-core-5.0.6.RELEASE.jar;C:\Users\luizf\.m2\repository\org\springframework\spring-jcl\5.0.6.RELEASE\spring-jcl-5.0.6.RELEASE.jar;C:\Users\luizf\.m2\repository\org\springframework\spring-test\5.0.6.RELEASE\spring-test-5.0.6.RELEASE.jar;C:\Users\luizf\.m2\repository\org\xmlunit\xmlunit-core\2.5.1\xmlunit-core-2.5.1.jar;C:\Users\luizf\.m2\repository\org\springframework\security\spring-security-test\5.0.5.RELEASE\spring-security-test-5.0.5.RELEASE.jar;C:\Users\luizf\.m2\repository\org\springframework\security\spring-security-core\5.0.5.RELEASE\spring-security-core-5.0.5.RELEASE.jar;C:\Users\luizf\.m2\repository\org\springframework\security\spring-security-web\5.0.5.RELEASE\spring-security-web-5.0.5.RELEASE.jar;, java.specification.name=Java Platform API Specification, java.class.version=52.0, sun.management.compiler=HotSpot 64-Bit Tiered Compilers, os.version=10.0, user.home=C:\Users\luizf, user.timezone=America/Sao_Paulo, java.awt.printerjob=sun.awt.windows.WPrinterJob, file.encoding=Cp1252, java.specification.version=1.8, java.class.path=C:\Users\luizf\spring-workspace\apart-community-chat-backend\target\test-classes;C:\Users\luizf\spring-workspace\apart-community-chat-backend\target\classes;C:\Users\luizf\.m2\repository\org\springframework\boot\spring-boot-starter-web\2.0.2.RELEASE\spring-boot-starter-web-2.0.2.RELEASE.jar;C:\Users\luizf\.m2\repository\org\springframework\boot\spring-boot-starter\2.0.2.RELEASE\spring-boot-starter-2.0.2.RELEASE.jar;C:\Users\luizf\.m2\repository\org\springframework\boot\spring-boot\2.0.2.RELEASE\spring-boot-2.0.2.RELEASE.jar;C:\Users\luizf\.m2\repository\org\springframework\boot\spring-boot-autoconfigure\2.0.2.RELEASE\spring-boot-autoconfigure-2.0.2.RELEASE.jar;C:\Users\luizf\.m2\repository\org\springframework\boot\spring-boot-starter-logging\2.0.2.RELEASE\spring-boot-starter-logging-2.0.2.RELEASE.jar;C:\Users\luizf\.m2\repository\ch\qos\logback\logback-classic\1.2.3\logback-classic-1.2.3.jar;C:\Users\luizf\.m2\repository\ch\qos\logback\logback-core\1.2.3\logback-core-1.2.3.jar;C:\Users\luizf\.m2\repository\org\apache\logging\log4j\log4j-to-slf4j\2.10.0\log4j-to-slf4j-2.10.0.jar;C:\Users\luizf\.m2\repository\org\apache\logging\log4j\log4j-api\2.10.0\log4j-api-2.10.0.jar;C:\Users\luizf\.m2\repository\org\slf4j\jul-to-slf4j\1.7.25\jul-to-slf4j-1.7.25.jar;C:\Users\luizf\.m2\repository\javax\annotation\javax.annotation-api\1.3.2\javax.annotation-api-1.3.2.jar;C:\Users\luizf\.m2\repository\org\yaml\snakeyaml\1.19\snakeyaml-1.19.jar;C:\Users\luizf\.m2\repository\org\springframework\boot\spring-boot-starter-json\2.0.2.RELEASE\spring-boot-starter-json-2.0.2.RELEASE.jar;C:\Users\luizf\.m2\repository\com\fasterxml\jackson\core\jackson-databind\2.9.5\jackson-databind-2.9.5.jar;C:\Users\luizf\.m2\repository\com\fasterxml\jackson\core\jackson-annotations\2.9.0\jackson-annotations-2.9.0.jar;C:\Users\luizf\.m2\repository\com\fasterxml\jackson\core\jackson-core\2.9.5\jackson-core-2.9.5.jar;C:\Users\luizf\.m2\repository\com\fasterxml\jackson\datatype\jackson-datatype-jdk8\2.9.5\jackson-datatype-jdk8-2.9.5.jar;C:\Users\luizf\.m2\repository\com\fasterxml\jackson\datatype\jackson-datatype-jsr310\2.9.5\jackson-datatype-jsr310-2.9.5.jar;C:\Users\luizf\.m2\repository\com\fasterxml\jackson\module\jackson-module-parameter-names\2.9.5\jackson-module-parameter-names-2.9.5.jar;C:\Users\luizf\.m2\repository\org\springframework\boot\spring-boot-starter-tomcat\2.0.2.RELEASE\spring-boot-starter-tomcat-2.0.2.RELEASE.jar;C:\Users\luizf\.m2\repository\org\apache\tomcat\embed\tomcat-embed-core\8.5.31\tomcat-embed-core-8.5.31.jar;C:\Users\luizf\.m2\repository\org\apache\tomcat\embed\tomcat-embed-el\8.5.31\tomcat-embed-el-8.5.31.jar;C:\Users\luizf\.m2\repository\org\apache\tomcat\embed\tomcat-embed-websocket\8.5.31\tomcat-embed-websocket-8.5.31.jar;C:\Users\luizf\.m2\repository\org\hibernate\validator\hibernate-validator\6.0.9.Final\hibernate-validator-6.0.9.Final.jar;C:\Users\luizf\.m2\repository\javax\validation\validation-api\2.0.1.Final\validation-api-2.0.1.Final.jar;C:\Users\luizf\.m2\repository\org\jboss\logging\jboss-logging\3.3.2.Final\jboss-logging-3.3.2.Final.jar;C:\Users\luizf\.m2\repository\com\fasterxml\classmate\1.3.4\classmate-1.3.4.jar;C:\Users\luizf\.m2\repository\org\springframework\spring-web\5.0.6.RELEASE\spring-web-5.0.6.RELEASE.jar;C:\Users\luizf\.m2\repository\org\springframework\spring-beans\5.0.6.RELEASE\spring-beans-5.0.6.RELEASE.jar;C:\Users\luizf\.m2\repository\org\springframework\spring-webmvc\5.0.6.RELEASE\spring-webmvc-5.0.6.RELEASE.jar;C:\Users\luizf\.m2\repository\org\springframework\spring-aop\5.0.6.RELEASE\spring-aop-5.0.6.RELEASE.jar;C:\Users\luizf\.m2\repository\org\springframework\spring-context\5.0.6.RELEASE\spring-context-5.0.6.RELEASE.jar;C:\Users\luizf\.m2\repository\org\springframework\spring-expression\5.0.6.RELEASE\spring-expression-5.0.6.RELEASE.jar;C:\Users\luizf\.m2\repository\org\springframework\boot\spring-boot-starter-websocket\2.0.2.RELEASE\spring-boot-starter-websocket-2.0.2.RELEASE.jar;C:\Users\luizf\.m2\repository\org\springframework\spring-messaging\5.0.6.RELEASE\spring-messaging-5.0.6.RELEASE.jar;C:\Users\luizf\.m2\repository\org\springframework\spring-websocket\5.0.6.RELEASE\spring-websocket-5.0.6.RELEASE.jar;C:\Users\luizf\.m2\repository\org\springframework\boot\spring-boot-starter-test\2.0.2.RELEASE\spring-boot-starter-test-2.0.2.RELEASE.jar;C:\Users\luizf\.m2\repository\org\springframework\boot\spring-boot-test\2.0.2.RELEASE\spring-boot-test-2.0.2.RELEASE.jar;C:\Users\luizf\.m2\repository\org\springframework\boot\spring-boot-test-autoconfigure\2.0.2.RELEASE\spring-boot-test-autoconfigure-2.0.2.RELEASE.jar;C:\Users\luizf\.m2\repository\com\jayway\jsonpath\json-path\2.4.0\json-path-2.4.0.jar;C:\Users\luizf\.m2\repository\net\minidev\json-smart\2.3\json-smart-2.3.jar;C:\Users\luizf\.m2\repository\net\minidev\accessors-smart\1.2\accessors-smart-1.2.jar;C:\Users\luizf\.m2\repository\org\ow2\asm\asm\5.0.4\asm-5.0.4.jar;C:\Users\luizf\.m2\repository\org\slf4j\slf4j-api\1.7.25\slf4j-api-1.7.25.jar;C:\Users\luizf\.m2\repository\junit\junit\4.12\junit-4.12.jar;C:\Users\luizf\.m2\repository\org\assertj\assertj-core\3.9.1\assertj-core-3.9.1.jar;C:\Users\luizf\.m2\repository\org\mockito\mockito-core\2.15.0\mockito-core-2.15.0.jar;C:\Users\luizf\.m2\repository\net\bytebuddy\byte-buddy\1.7.11\byte-buddy-1.7.11.jar;C:\Users\luizf\.m2\repository\net\bytebuddy\byte-buddy-agent\1.7.11\byte-buddy-agent-1.7.11.jar;C:\Users\luizf\.m2\repository\org\objenesis\objenesis\2.6\objenesis-2.6.jar;C:\Users\luizf\.m2\repository\org\hamcrest\hamcrest-core\1.3\hamcrest-core-1.3.jar;C:\Users\luizf\.m2\repository\org\hamcrest\hamcrest-library\1.3\hamcrest-library-1.3.jar;C:\Users\luizf\.m2\repository\org\skyscreamer\jsonassert\1.5.0\jsonassert-1.5.0.jar;C:\Users\luizf\.m2\repository\com\vaadin\external\google\android-json\0.0.20131108.vaadin1\android-json-0.0.20131108.vaadin1.jar;C:\Users\luizf\.m2\repository\org\springframework\spring-core\5.0.6.RELEASE\spring-core-5.0.6.RELEASE.jar;C:\Users\luizf\.m2\repository\org\springframework\spring-jcl\5.0.6.RELEASE\spring-jcl-5.0.6.RELEASE.jar;C:\Users\luizf\.m2\repository\org\springframework\spring-test\5.0.6.RELEASE\spring-test-5.0.6.RELEASE.jar;C:\Users\luizf\.m2\repository\org\xmlunit\xmlunit-core\2.5.1\xmlunit-core-2.5.1.jar;C:\Users\luizf\.m2\repository\org\springframework\security\spring-security-test\5.0.5.RELEASE\spring-security-test-5.0.5.RELEASE.jar;C:\Users\luizf\.m2\repository\org\springframework\security\spring-security-core\5.0.5.RELEASE\spring-security-core-5.0.5.RELEASE.jar;C:\Users\luizf\.m2\repository\org\springframework\security\spring-security-web\5.0.5.RELEASE\spring-security-web-5.0.5.RELEASE.jar;, user.name=LFO, java.vm.specification.version=1.8, sun.java.command=C:\Users\luizf\AppData\Local\Temp\surefire6469984091491276701\surefirebooter8333074514965057190.jar C:\Users\luizf\AppData\Local\Temp\surefire6469984091491276701 2019-04-27T00-04-46_890-jvmRun1 surefire4670090840179663711tmp surefire_06279679243580116839tmp, java.home=C:\Program Files\Java\jdk1.8.0_161\jre, sun.arch.data.model=64, user.language=pt, java.specification.vendor=Oracle Corporation, awt.toolkit=sun.awt.windows.WToolkit, java.vm.info=mixed mode, java.version=1.8.0_161, java.ext.dirs=C:\Program Files\Java\jdk1.8.0_161\jre\lib\ext;C:\WINDOWS\Sun\Java\lib\ext, sun.boot.class.path=C:\Program Files\Java\jdk1.8.0_161\jre\lib\resources.jar;C:\Program Files\Java\jdk1.8.0_161\jre\lib\rt.jar;C:\Program Files\Java\jdk1.8.0_161\jre\lib\sunrsasign.jar;C:\Program Files\Java\jdk1.8.0_161\jre\lib\jsse.jar;C:\Program Files\Java\jdk1.8.0_161\jre\lib\jce.jar;C:\Program Files\Java\jdk1.8.0_161\jre\lib\charsets.jar;C:\Program Files\Java\jdk1.8.0_161\jre\lib\jfr.jar;C:\Program Files\Java\jdk1.8.0_161\jre\classes, java.vendor=Oracle Corporation, localRepository=C:\Users\luizf\.m2\repository, file.separator=\, java.vendor.url.bug=http://bugreport.sun.com/bugreport/, sun.io.unicode.encoding=UnicodeLittle, sun.cpu.endian=little, sun.desktop=windows, sun.cpu.isalist=amd64}}, SystemEnvironmentPropertySource@756185697 {name='systemEnvironment', properties={PATH=C:/Program Files/Java/jre1.8.0_161/bin/server;C:/Program Files/Java/jre1.8.0_161/bin;C:/Program Files/Java/jre1.8.0_161/lib/amd64;C:\ProgramData\Oracle\Java\javapath;C:\Program Files (x86)\Intel\iCLS Client\;C:\Program Files\Intel\iCLS Client\;C:\Windows\system32;C:\Windows;C:\Windows\System32\Wbem;C:\Windows\System32\WindowsPowerShell\v1.0\;C:\Program Files (x86)\NVIDIA Corporation\PhysX\Common;C:\Program Files (x86)\Intel\Intel(R) Management Engine Components\DAL;C:\Program Files\Intel\Intel(R) Management Engine Components\DAL;C:\Program Files (x86)\Intel\Intel(R) Management Engine Components\IPT;C:\Program Files\Intel\Intel(R) Management Engine Components\IPT;C:\Program Files\Java\jdk1.8.0_161\bin;C:\Program Files\Microsoft SQL Server\Client SDK\ODBC\130\Tools\Binn\;C:\Program Files (x86)\Microsoft SQL Server\140\Tools\Binn\;C:\Program Files\Microsoft SQL Server\140\Tools\Binn\;C:\Program Files\Microsoft SQL Server\140\DTS\Binn\;C:\Program Files (x86)\Microsoft SQL Server\Client SDK\ODBC\130\Tools\Binn\;C:\Program Files (x86)\Microsoft SQL Server\140\DTS\Binn\;C:\Program Files (x86)\Microsoft SQL Server\140\Tools\Binn\ManagementStudio\;C:\Program Files\nodejs\;C:\Program Files\Git\cmd;C:\WINDOWS\system32;C:\WINDOWS;C:\WINDOWS\System32\Wbem;C:\WINDOWS\System32\WindowsPowerShell\v1.0\;C:\WINDOWS\System32\OpenSSH\;C:\Program Files\Microsoft VS Code\bin;C:\xampp\mysql\bin;C:\Program Files\dotnet\;C:\Program Files\Microsoft SQL Server\130\Tools\Binn\;C:\Program Files (x86)\Apache Maven\apache-maven-3.6.0\bin;C:\Program Files\MongoDB\Server\4.0\bin;C:\Users\luizf\AppData\Local\Microsoft\WindowsApps;C:\Users\luizf\AppData\Roaming\npm;C:\Program Files\Microsoft VS Code\bin;C:\Users\luizf\Downloads\Programação\Java\mysql-connector-java-5.1.47\mysql-connector-java-5.1.47.jar;C:\Program Files\heroku\bin;C:\Program Files\sts-bundle\sts-3.9.5.RELEASE;, USERDOMAIN_ROAMINGPROFILE=LFO, LOCALAPPDATA=C:\Users\luizf\AppData\Local, PROCESSOR_LEVEL=6, SYSTEMDRIVE=C:, COMMONPROGRAMFILES(X86)=C:\Program Files (x86)\Common Files, USERDOMAIN=LFO, FPS_BROWSER_APP_PROFILE_STRING=Internet Explorer, LOGONSERVER=\\LFO, JAVA_HOME=C:\Program Files\Java\jdk1.8.0_161, PROMPT=$P$G, SESSIONNAME=Console, ALLUSERSPROFILE=C:\ProgramData, PROGRAMFILES(X86)=C:\Program Files (x86), PROCESSOR_ARCHITECTURE=AMD64, __COMPAT_LAYER=PerProcessSystemDPIForceOn HighDpiAware, DRIVERDATA=C:\Windows\System32\Drivers\DriverData, MAVEN_HOME=C:\Program Files (x86)\Apache Maven\apache-maven-3.6.0, PROGRAMFILES=C:\Program Files, =C:=C:\Users\luizf\spring-workspace\apart-community-chat-backend, APPDATA=C:\Users\luizf\AppData\Roaming, PSMODULEPATH=C:\Program Files\WindowsPowerShell\Modules;C:\WINDOWS\system32\WindowsPowerShell\v1.0\Modules;C:\Program Files (x86)\Microsoft SQL Server\140\Tools\PowerShell\Modules\, PROGRAMW6432=C:\Program Files, PROGRAMDATA=C:\ProgramData, SYSTEMROOT=C:\WINDOWS, USERNAME=LFO, VBOX_MSI_INSTALL_PATH=C:\Program Files\Oracle\VirtualBox\, FPS_BROWSER_USER_PROFILE_STRING=Default, ONEDRIVE=C:\Users\luizf\OneDrive, PATHEXT=.COM;.EXE;.BAT;.CMD;.VBS;.VBE;.JS;.JSE;.WSF;.WSH;.MSC, OS=Windows_NT, COMMONPROGRAMW6432=C:\Program Files\Common Files, COMPUTERNAME=LFO, COMMONPROGRAMFILES=C:\Program Files\Common Files, COMSPEC=C:\WINDOWS\system32\cmd.exe, PROCESSOR_REVISION=8e09, CLASSPATH=;C:\Program Files\Java\jdk1.8.0_161\lib;C:\Program Files\Java\jdk1.8.0_161\lib\tools.jar;C:\Program Files\Java\jdk1.8.0_161\lib\dt.jar;C:\Program Files\Java\jdk1.8.0_161\lib\htmlconverter.jar;C:\Program Files\Java\jdk1.8.0_161\jre\lib;C:\Program Files\Java\jdk1.8.0_161\jre\lib\rt.jar;, WINDIR=C:\WINDOWS, HOMEPATH=\Users\luizf, TEMP=C:\Users\luizf\AppData\Local\Temp, HOMEDRIVE=C:, PROCESSOR_IDENTIFIER=Intel64 Family 6 Model 142 Stepping 9, GenuineIntel, USERPROFILE=C:\Users\luizf, TMP=C:\Users\luizf\AppData\Local\Temp, PUBLIC=C:\Users\Public, NUMBER_OF_PROCESSORS=4, =::=::\, VS150COMCOMNTOOLS=C:\Program Files (x86)\Microsoft Visual Studio\2017\Community\Common7\Tools\}}]
00:04:54.580 [main] DEBUG org.springframework.core.io.support.PathMatchingResourcePatternResolver - Resolved classpath location [br/com/easyflowweb/] to resources [URL [file:/C:/Users/luizf/spring-workspace/apart-community-chat-backend/target/test-classes/br/com/easyflowweb/]]
00:04:54.581 [main] DEBUG org.springframework.core.io.support.PathMatchingResourcePatternResolver - Looking for matching resources in directory tree [C:\Users\luizf\spring-workspace\apart-community-chat-backend\target\test-classes\br\com\easyflowweb]
00:04:54.581 [main] DEBUG org.springframework.core.io.support.PathMatchingResourcePatternResolver - Searching directory [C:\Users\luizf\spring-workspace\apart-community-chat-backend\target\test-classes\br\com\easyflowweb] for files matching pattern [C:/Users/luizf/spring-workspace/apart-community-chat-backend/target/test-classes/br/com/easyflowweb/*.class]
00:04:54.626 [main] DEBUG org.springframework.core.io.support.PathMatchingResourcePatternResolver - Resolved location pattern [classpath*:br/com/easyflowweb/*.class] to resources [file [C:\Users\luizf\spring-workspace\apart-community-chat-backend\target\test-classes\br\com\easyflowweb\ApartCommunityChatApplicationTests.class]]
00:04:55.971 [main] DEBUG org.springframework.core.io.support.PathMatchingResourcePatternResolver - Resolved classpath location [br/com/] to resources [URL [file:/C:/Users/luizf/spring-workspace/apart-community-chat-backend/target/test-classes/br/com/], URL [file:/C:/Users/luizf/spring-workspace/apart-community-chat-backend/target/classes/br/com/]]
00:04:55.972 [main] DEBUG org.springframework.core.io.support.PathMatchingResourcePatternResolver - Looking for matching resources in directory tree [C:\Users\luizf\spring-workspace\apart-community-chat-backend\target\test-classes\br\com]
00:04:55.972 [main] DEBUG org.springframework.core.io.support.PathMatchingResourcePatternResolver - Searching directory [C:\Users\luizf\spring-workspace\apart-community-chat-backend\target\test-classes\br\com] for files matching pattern [C:/Users/luizf/spring-workspace/apart-community-chat-backend/target/test-classes/br/com/*.class]
00:04:55.973 [main] DEBUG org.springframework.core.io.support.PathMatchingResourcePatternResolver - Looking for matching resources in directory tree [C:\Users\luizf\spring-workspace\apart-community-chat-backend\target\classes\br\com]
00:04:55.974 [main] DEBUG org.springframework.core.io.support.PathMatchingResourcePatternResolver - Searching directory [C:\Users\luizf\spring-workspace\apart-community-chat-backend\target\classes\br\com] for files matching pattern [C:/Users/luizf/spring-workspace/apart-community-chat-backend/target/classes/br/com/*.class]
00:04:55.975 [main] DEBUG org.springframework.core.io.support.PathMatchingResourcePatternResolver - Resolved location pattern [classpath*:br/com/*.class] to resources []
00:04:55.976 [main] DEBUG org.springframework.core.io.support.PathMatchingResourcePatternResolver - Resolved classpath location [br/] to resources [URL [file:/C:/Users/luizf/spring-workspace/apart-community-chat-backend/target/test-classes/br/], URL [file:/C:/Users/luizf/spring-workspace/apart-community-chat-backend/target/classes/br/]]
00:04:55.976 [main] DEBUG org.springframework.core.io.support.PathMatchingResourcePatternResolver - Looking for matching resources in directory tree [C:\Users\luizf\spring-workspace\apart-community-chat-backend\target\test-classes\br]
00:04:55.976 [main] DEBUG org.springframework.core.io.support.PathMatchingResourcePatternResolver - Searching directory [C:\Users\luizf\spring-workspace\apart-community-chat-backend\target\test-classes\br] for files matching pattern [C:/Users/luizf/spring-workspace/apart-community-chat-backend/target/test-classes/br/*.class]
00:04:55.977 [main] DEBUG org.springframework.core.io.support.PathMatchingResourcePatternResolver - Looking for matching resources in directory tree [C:\Users\luizf\spring-workspace\apart-community-chat-backend\target\classes\br]
00:04:55.978 [main] DEBUG org.springframework.core.io.support.PathMatchingResourcePatternResolver - Searching directory [C:\Users\luizf\spring-workspace\apart-community-chat-backend\target\classes\br] for files matching pattern [C:/Users/luizf/spring-workspace/apart-community-chat-backend/target/classes/br/*.class]
00:04:55.979 [main] DEBUG org.springframework.core.io.support.PathMatchingResourcePatternResolver - Resolved location pattern [classpath*:br/*.class] to resources []
]]></system-out>
  </testcase>
</testsuite>